#0 building with "desktop-linux" instance using docker driver

#1 [internal] load build definition from Dockerfile
#1 transferring dockerfile: 1.32kB 0.0s done
#1 DONE 0.0s

#2 resolve image config for docker-image://docker.io/docker/dockerfile:1
#2 DONE 3.8s

#3 docker-image://docker.io/docker/dockerfile:1@sha256:87999aa3d42bdc6bea60565083ee17e86d1f3339802f543c0d03998580f9cb89
#3 resolve docker.io/docker/dockerfile:1@sha256:87999aa3d42bdc6bea60565083ee17e86d1f3339802f543c0d03998580f9cb89 0.0s done
#3 sha256:50ba52cd6a2c01eaf1a9efbedc7c75b5da5e3965c1586001c722980487a73fd7 0B / 14.36MB 0.2s
#3 sha256:50ba52cd6a2c01eaf1a9efbedc7c75b5da5e3965c1586001c722980487a73fd7 1.05MB / 14.36MB 0.3s
#3 sha256:50ba52cd6a2c01eaf1a9efbedc7c75b5da5e3965c1586001c722980487a73fd7 6.29MB / 14.36MB 0.5s
#3 sha256:50ba52cd6a2c01eaf1a9efbedc7c75b5da5e3965c1586001c722980487a73fd7 9.44MB / 14.36MB 0.6s
#3 sha256:50ba52cd6a2c01eaf1a9efbedc7c75b5da5e3965c1586001c722980487a73fd7 14.36MB / 14.36MB 0.8s
#3 sha256:50ba52cd6a2c01eaf1a9efbedc7c75b5da5e3965c1586001c722980487a73fd7 14.36MB / 14.36MB 0.8s done
#3 extracting sha256:50ba52cd6a2c01eaf1a9efbedc7c75b5da5e3965c1586001c722980487a73fd7
#3 extracting sha256:50ba52cd6a2c01eaf1a9efbedc7c75b5da5e3965c1586001c722980487a73fd7 0.2s done
#3 DONE 1.0s

#4 [internal] load metadata for docker.io/library/eclipse-temurin:21-jdk
#4 ...

#5 [internal] load metadata for docker.io/library/eclipse-temurin:21-jre
#5 DONE 1.9s

#4 [internal] load metadata for docker.io/library/eclipse-temurin:21-jdk
#4 DONE 1.9s

#6 [internal] load .dockerignore
#6 transferring context: 424B done
#6 DONE 0.0s

#7 [internal] load build context
#7 DONE 0.0s

#8 [build 1/9] FROM docker.io/library/eclipse-temurin:21-jdk@sha256:da9d3a4f7650db39b918fc5a2c3da76556fb8cc8e5f3767cdea0bb409286951a
#8 resolve docker.io/library/eclipse-temurin:21-jdk@sha256:da9d3a4f7650db39b918fc5a2c3da76556fb8cc8e5f3767cdea0bb409286951a 0.0s done
#8 sha256:e63eba57ddc424b15a573be1b9e4fc5b4deb06d9ef675e89daf538c217043678 2.28kB / 2.28kB 0.2s done
#8 sha256:c89d2c157c250dd818c34df99286554acfeb74cdd9a222c123711716f520a577 0B / 159B 0.2s
#8 sha256:abb9a19f45624a8b5405a36baa50319ed11858d87c7b3a5b2f82ed38fdea418b 0B / 158.17MB 0.2s
#8 sha256:3527129d2410cf648456262475ba8b03ff951d4717ff900d4d9887d68d178b16 0B / 24.04MB 0.2s
#8 sha256:c89d2c157c250dd818c34df99286554acfeb74cdd9a222c123711716f520a577 159B / 159B 0.2s done
#8 sha256:a3679419df184857c0d317d7cdaad6187f6c0f0b68dd2ed58becf174e28f4c1b 0B / 393B 0.2s
#8 sha256:ed819469700fe2cd94f44a7c218a84e40cda16dd2e7e5238cbdef33e6153d536 0B / 41.58MB 0.2s
#8 sha256:3527129d2410cf648456262475ba8b03ff951d4717ff900d4d9887d68d178b16 3.15MB / 24.04MB 0.6s
#8 sha256:a3679419df184857c0d317d7cdaad6187f6c0f0b68dd2ed58becf174e28f4c1b 393B / 393B 0.4s done
#8 sha256:ed819469700fe2cd94f44a7c218a84e40cda16dd2e7e5238cbdef33e6153d536 2.10MB / 41.58MB 0.6s
#8 sha256:3527129d2410cf648456262475ba8b03ff951d4717ff900d4d9887d68d178b16 5.24MB / 24.04MB 0.9s
#8 sha256:ed819469700fe2cd94f44a7c218a84e40cda16dd2e7e5238cbdef33e6153d536 4.19MB / 41.58MB 0.8s
#8 sha256:3527129d2410cf648456262475ba8b03ff951d4717ff900d4d9887d68d178b16 7.34MB / 24.04MB 1.1s
#8 sha256:ed819469700fe2cd94f44a7c218a84e40cda16dd2e7e5238cbdef33e6153d536 7.34MB / 41.58MB 0.9s
#8 sha256:abb9a19f45624a8b5405a36baa50319ed11858d87c7b3a5b2f82ed38fdea418b 8.39MB / 158.17MB 1.2s
#8 ...

#7 [internal] load build context
#7 transferring context: 584.40kB 1.5s done
#7 DONE 1.5s

#8 [build 1/9] FROM docker.io/library/eclipse-temurin:21-jdk@sha256:da9d3a4f7650db39b918fc5a2c3da76556fb8cc8e5f3767cdea0bb409286951a
#8 sha256:ed819469700fe2cd94f44a7c218a84e40cda16dd2e7e5238cbdef33e6153d536 9.44MB / 41.58MB 1.1s
#8 sha256:ed819469700fe2cd94f44a7c218a84e40cda16dd2e7e5238cbdef33e6153d536 11.53MB / 41.58MB 1.2s
#8 sha256:3527129d2410cf648456262475ba8b03ff951d4717ff900d4d9887d68d178b16 9.44MB / 24.04MB 1.5s
#8 sha256:ed819469700fe2cd94f44a7c218a84e40cda16dd2e7e5238cbdef33e6153d536 13.63MB / 41.58MB 1.4s
#8 sha256:ed819469700fe2cd94f44a7c218a84e40cda16dd2e7e5238cbdef33e6153d536 16.78MB / 41.58MB 1.7s
#8 sha256:3527129d2410cf648456262475ba8b03ff951d4717ff900d4d9887d68d178b16 11.53MB / 24.04MB 2.0s
#8 sha256:ed819469700fe2cd94f44a7c218a84e40cda16dd2e7e5238cbdef33e6153d536 18.87MB / 41.58MB 1.8s
#8 sha256:abb9a19f45624a8b5405a36baa50319ed11858d87c7b3a5b2f82ed38fdea418b 16.78MB / 158.17MB 2.3s
#8 sha256:3527129d2410cf648456262475ba8b03ff951d4717ff900d4d9887d68d178b16 13.63MB / 24.04MB 2.3s
#8 sha256:ed819469700fe2cd94f44a7c218a84e40cda16dd2e7e5238cbdef33e6153d536 22.02MB / 41.58MB 2.1s
#8 sha256:ed819469700fe2cd94f44a7c218a84e40cda16dd2e7e5238cbdef33e6153d536 24.12MB / 41.58MB 2.3s
#8 sha256:3527129d2410cf648456262475ba8b03ff951d4717ff900d4d9887d68d178b16 15.73MB / 24.04MB 2.6s
#8 sha256:ed819469700fe2cd94f44a7c218a84e40cda16dd2e7e5238cbdef33e6153d536 26.21MB / 41.58MB 2.4s
#8 sha256:3527129d2410cf648456262475ba8b03ff951d4717ff900d4d9887d68d178b16 17.83MB / 24.04MB 2.9s
#8 sha256:ed819469700fe2cd94f44a7c218a84e40cda16dd2e7e5238cbdef33e6153d536 29.36MB / 41.58MB 2.7s
#8 sha256:ed819469700fe2cd94f44a7c218a84e40cda16dd2e7e5238cbdef33e6153d536 31.46MB / 41.58MB 2.9s
#8 sha256:3527129d2410cf648456262475ba8b03ff951d4717ff900d4d9887d68d178b16 19.92MB / 24.04MB 3.2s
#8 sha256:ed819469700fe2cd94f44a7c218a84e40cda16dd2e7e5238cbdef33e6153d536 33.55MB / 41.58MB 3.0s
#8 sha256:ed819469700fe2cd94f44a7c218a84e40cda16dd2e7e5238cbdef33e6153d536 35.65MB / 41.58MB 3.2s
#8 sha256:abb9a19f45624a8b5405a36baa50319ed11858d87c7b3a5b2f82ed38fdea418b 25.17MB / 158.17MB 3.6s
#8 sha256:3527129d2410cf648456262475ba8b03ff951d4717ff900d4d9887d68d178b16 22.02MB / 24.04MB 3.5s
#8 sha256:ed819469700fe2cd94f44a7c218a84e40cda16dd2e7e5238cbdef33e6153d536 38.80MB / 41.58MB 3.5s
#8 sha256:3527129d2410cf648456262475ba8b03ff951d4717ff900d4d9887d68d178b16 24.04MB / 24.04MB 3.8s done
#8 sha256:ed819469700fe2cd94f44a7c218a84e40cda16dd2e7e5238cbdef33e6153d536 41.58MB / 41.58MB 3.7s done
#8 extracting sha256:ed819469700fe2cd94f44a7c218a84e40cda16dd2e7e5238cbdef33e6153d536
#8 sha256:abb9a19f45624a8b5405a36baa50319ed11858d87c7b3a5b2f82ed38fdea418b 33.55MB / 158.17MB 4.4s
#8 sha256:abb9a19f45624a8b5405a36baa50319ed11858d87c7b3a5b2f82ed38fdea418b 41.94MB / 158.17MB 5.1s
#8 sha256:abb9a19f45624a8b5405a36baa50319ed11858d87c7b3a5b2f82ed38fdea418b 50.33MB / 158.17MB 5.9s
#8 ...

#9 [runtime 1/4] FROM docker.io/library/eclipse-temurin:21-jre@sha256:273396ed5998598ed1091e8d72711c2d36980a0e65103859c55a4e977a41ffd3
#9 resolve docker.io/library/eclipse-temurin:21-jre@sha256:273396ed5998598ed1091e8d72711c2d36980a0e65103859c55a4e977a41ffd3 0.0s done
#9 sha256:18afba83028d78fab1a12a4b288fd7d3033f98f61938e648ecf85efba8b04b23 2.28kB / 2.28kB 0.2s done
#9 sha256:f1b04ce3f9e77fd6b1f4d45b7eeed34a40ecdf902eef54f050ccc304d0b3af81 160B / 160B 0.2s done
#9 sha256:d7c3a38c1a14a0b4011b18c66436b3911759bc1f45f05cd6f80619a29236b991 53.12MB / 53.12MB 4.8s done
#9 sha256:820c33f1b1afa9cdcb7dab800f87af0a725dc9881b30f5d96a5156a31a900565 20.12MB / 20.12MB 2.0s done
#9 DONE 6.2s

#8 [build 1/9] FROM docker.io/library/eclipse-temurin:21-jdk@sha256:da9d3a4f7650db39b918fc5a2c3da76556fb8cc8e5f3767cdea0bb409286951a
#8 sha256:abb9a19f45624a8b5405a36baa50319ed11858d87c7b3a5b2f82ed38fdea418b 61.87MB / 158.17MB 6.3s
#8 extracting sha256:ed819469700fe2cd94f44a7c218a84e40cda16dd2e7e5238cbdef33e6153d536 2.3s done
#8 extracting sha256:a3679419df184857c0d317d7cdaad6187f6c0f0b68dd2ed58becf174e28f4c1b 0.0s done
#8 extracting sha256:3527129d2410cf648456262475ba8b03ff951d4717ff900d4d9887d68d178b16
#8 sha256:abb9a19f45624a8b5405a36baa50319ed11858d87c7b3a5b2f82ed38fdea418b 73.33MB / 158.17MB 6.8s
#8 ...

#9 [runtime 1/4] FROM docker.io/library/eclipse-temurin:21-jre@sha256:273396ed5998598ed1091e8d72711c2d36980a0e65103859c55a4e977a41ffd3
#9 extracting sha256:820c33f1b1afa9cdcb7dab800f87af0a725dc9881b30f5d96a5156a31a900565 0.8s done
#9 DONE 7.0s

#8 [build 1/9] FROM docker.io/library/eclipse-temurin:21-jdk@sha256:da9d3a4f7650db39b918fc5a2c3da76556fb8cc8e5f3767cdea0bb409286951a
#8 extracting sha256:3527129d2410cf648456262475ba8b03ff951d4717ff900d4d9887d68d178b16 0.9s done
#8 sha256:abb9a19f45624a8b5405a36baa50319ed11858d87c7b3a5b2f82ed38fdea418b 88.08MB / 158.17MB 7.4s
#8 sha256:abb9a19f45624a8b5405a36baa50319ed11858d87c7b3a5b2f82ed38fdea418b 96.22MB / 158.17MB 7.7s
#8 sha256:abb9a19f45624a8b5405a36baa50319ed11858d87c7b3a5b2f82ed38fdea418b 106.95MB / 158.17MB 8.1s
#8 ...

#9 [runtime 1/4] FROM docker.io/library/eclipse-temurin:21-jre@sha256:273396ed5998598ed1091e8d72711c2d36980a0e65103859c55a4e977a41ffd3
#9 extracting sha256:d7c3a38c1a14a0b4011b18c66436b3911759bc1f45f05cd6f80619a29236b991 1.2s done
#9 extracting sha256:f1b04ce3f9e77fd6b1f4d45b7eeed34a40ecdf902eef54f050ccc304d0b3af81 0.0s done
#9 extracting sha256:18afba83028d78fab1a12a4b288fd7d3033f98f61938e648ecf85efba8b04b23 0.0s done
#9 DONE 8.3s

#8 [build 1/9] FROM docker.io/library/eclipse-temurin:21-jdk@sha256:da9d3a4f7650db39b918fc5a2c3da76556fb8cc8e5f3767cdea0bb409286951a
#8 sha256:abb9a19f45624a8b5405a36baa50319ed11858d87c7b3a5b2f82ed38fdea418b 115.34MB / 158.17MB 8.4s
#8 sha256:abb9a19f45624a8b5405a36baa50319ed11858d87c7b3a5b2f82ed38fdea418b 125.83MB / 158.17MB 8.9s
#8 ...

#10 [runtime 2/4] WORKDIR /app
#10 DONE 0.6s

#8 [build 1/9] FROM docker.io/library/eclipse-temurin:21-jdk@sha256:da9d3a4f7650db39b918fc5a2c3da76556fb8cc8e5f3767cdea0bb409286951a
#8 sha256:abb9a19f45624a8b5405a36baa50319ed11858d87c7b3a5b2f82ed38fdea418b 134.22MB / 158.17MB 9.2s
#8 ...

#11 [runtime 3/4] RUN groupadd -r app && useradd -r -g app app
#11 DONE 0.4s

#8 [build 1/9] FROM docker.io/library/eclipse-temurin:21-jdk@sha256:da9d3a4f7650db39b918fc5a2c3da76556fb8cc8e5f3767cdea0bb409286951a
#8 sha256:abb9a19f45624a8b5405a36baa50319ed11858d87c7b3a5b2f82ed38fdea418b 142.61MB / 158.17MB 9.5s
#8 sha256:abb9a19f45624a8b5405a36baa50319ed11858d87c7b3a5b2f82ed38fdea418b 152.04MB / 158.17MB 9.8s
#8 sha256:abb9a19f45624a8b5405a36baa50319ed11858d87c7b3a5b2f82ed38fdea418b 158.17MB / 158.17MB 10.0s done
#8 extracting sha256:abb9a19f45624a8b5405a36baa50319ed11858d87c7b3a5b2f82ed38fdea418b
#8 extracting sha256:abb9a19f45624a8b5405a36baa50319ed11858d87c7b3a5b2f82ed38fdea418b 1.6s done
#8 DONE 11.9s

#8 [build 1/9] FROM docker.io/library/eclipse-temurin:21-jdk@sha256:da9d3a4f7650db39b918fc5a2c3da76556fb8cc8e5f3767cdea0bb409286951a
#8 extracting sha256:c89d2c157c250dd818c34df99286554acfeb74cdd9a222c123711716f520a577 0.0s done
#8 extracting sha256:e63eba57ddc424b15a573be1b9e4fc5b4deb06d9ef675e89daf538c217043678 0.0s done
#8 DONE 11.9s

#12 [build 2/9] WORKDIR /app
#12 DONE 0.3s

#13 [build 3/9] COPY gradlew ./
#13 DONE 0.0s

#14 [build 4/9] COPY gradle ./gradle
#14 DONE 0.0s

#15 [build 5/9] COPY build.gradle settings.gradle ./
#15 DONE 0.1s

#16 [build 6/9] RUN sed -i 's/\r$//' gradlew && chmod +x gradlew
#16 DONE 0.2s

#17 [build 7/9] COPY src ./src
#17 DONE 0.1s

#18 [build 8/9] RUN ./gradlew --no-daemon clean bootJar -x test
#18 0.301 Fetching distribution.
#18 0.301 Downloading https://services.gradle.org/distributions/gradle-8.14.5-bin.zip
#18 1.090 .............10%.............20%.............30%.............40%.............50%.............60%..............70%.............80%.............90%.............100%
#18 6.907 
#18 6.907 Welcome to Gradle 8.14.5!
#18 6.907 
#18 6.907 Here are the highlights of this release:
#18 6.907  - Java 24 support
#18 6.907  - GraalVM Native Image toolchain selection
#18 6.907  - Enhancements to test reporting
#18 6.907  - Build Authoring improvements
#18 6.907 
#18 6.907 For more details see https://docs.gradle.org/8.14.5/release-notes.html
#18 6.907 
#18 7.009 To honour the JVM settings for this build a single-use Daemon process will be forked. For more on this, please refer to https://docs.gradle.org/8.14.5/userguide/gradle_daemon.html#sec:disabling_the_daemon in the Gradle documentation.
#18 8.106 Daemon will be stopped at the end of the build 
#18 28.51 > Task :clean UP-TO-DATE
#18 42.40 > Task :compileJava
#18 42.40 > Task :processResources
#18 42.40 > Task :classes
#18 42.50 > Task :resolveMainClassName
#18 45.50 > Task :bootJar
#18 45.50 
#18 45.50 BUILD SUCCESSFUL in 45s
#18 45.50 5 actionable tasks: 4 executed, 1 up-to-date
#18 DONE 45.8s

#19 [build 9/9] RUN JAR="$(ls build/libs/*.jar | grep -v -- '-plain.jar' | head -1)" && cp "$JAR" /app/app.jar
#19 DONE 0.4s

#20 [runtime 4/4] COPY --from=build /app/app.jar app.jar
#20 DONE 0.2s

#21 exporting to image
#21 exporting layers
#21 exporting layers 2.3s done
#21 exporting manifest sha256:e5ace78e07a9c15fcc695a54d5ff82634faf46aebeaf56cdec13932c308e8179 0.0s done
#21 exporting config sha256:d45198cc4f28d39acf64ca11e8e290aeaa347a5f2fa3b871835a556e47716e57 0.0s done
#21 exporting attestation manifest sha256:b06863e790a331e08eaad1aa433cf7849845e21467ea48b20e54928ae026a58e 0.0s done
#21 exporting manifest list sha256:e3bbabfed87a584d5e483833cc1b0b467f4c411d97f0ffa50c4f7dc3150525f8 0.0s done
#21 naming to docker.io/library/jarvis-backend:dev
#21 naming to docker.io/library/jarvis-backend:dev done
#21 unpacking to docker.io/library/jarvis-backend:dev
#21 unpacking to docker.io/library/jarvis-backend:dev 0.5s done
#21 DONE 3.0s
